Log file open, 08/04/16 19:57:25
LogInit:Display: Running engine for game: MODOUnrealPlugin
LogPlatformFile: Not using cached read wrapper
LogInit:Display: RandInit(1253704680) SRandInit(1253704681).
LogInit: Using version manifest at CL 0 with build ID 'f3d9f7d1-e209-4fb4-b749-4f61548cb7a8'
LogTaskGraph: Started task graph with 4 named threads and 7 total threads with 1 sets of task threads.
LogStats: Stats thread started at 0.072072
LogInit: Version: 4.12.5-0+UE4
LogInit: API Version: 0
LogInit: Net Version: 0
LogDevObjectVersion: Number of dev versions registered: 13
LogDevObjectVersion:   Dev-Blueprints (B0D832E4-1F89-4F0D-ACCF-7EB736FD4AA2): 3
LogDevObjectVersion:   Dev-Build (E1C64328-A22C-4D53-A36C-8E866417BD8C): 0
LogDevObjectVersion:   Dev-Core (375EC13C-06E4-48FB-B500-84F0262A717E): 1
LogDevObjectVersion:   Dev-Editor (E4B068ED-F494-42E9-A231-DA0B2E46BB41): 2
LogDevObjectVersion:   Dev-Framework (CFFC743F-43B0-4480-9391-14DF171D2073): 6
LogDevObjectVersion:   Dev-Mobile (B02B49B5-BB20-44E9-A304-32B752E40360): 0
LogDevObjectVersion:   Dev-Networking (A4E4105C-59A1-49B5-A7C5-40C4547EDFEE): 0
LogDevObjectVersion:   Dev-Online (39C831C9-5AE6-47DC-9A44-9C173E1C8E7C): 0
LogDevObjectVersion:   Dev-Physics (78F01B33-EBEA-4F98-B9B4-84EACCB95AA2): 0
LogDevObjectVersion:   Dev-Platform (6631380F-2D4D-43E0-8009-CF276956A95A): 0
LogDevObjectVersion:   Dev-Rendering (12F88B9F-8875-4AFC-A67C-D90C383ABD29): 2
LogDevObjectVersion:   Dev-Sequencer (7B5AE74C-D270-4C10-A958-57980B212A5A): 0
LogDevObjectVersion:   Dev-VR (D7296918-1DD6-4BDD-9DE2-64A83CC13884): 0
LogInit: Compiled (64-bit): Aug  3 2016 21:14:44
LogInit: Compiled with Visual C++: 19.00.23506.00
LogInit: Build Configuration: Development
LogInit: Branch Name: UE4
LogInit: Command line: 
LogInit: Base directory: C:/Users/Mark/Documents/Unreal Source/UnrealEngine/Engine/Binaries/Win64/
LogInit: Installed Engine Build: 0
LogInit: Using libcurl 7.41.0
LogInit:  - built for x86_64-pc-win32
LogInit:  - supports SSL with WinSSL
LogInit:  - other features:
LogInit:      CURL_VERSION_SSL
LogInit:      CURL_VERSION_IPV6
LogInit:      CURL_VERSION_ASYNCHDNS
LogInit:      CURL_VERSION_LARGEFILE
LogInit:      CURL_VERSION_IDN
LogInit:  CurlRequestOptions (configurable via config and command line):
LogInit:  - bVerifyPeer = true  - Libcurl will verify peer certificate
LogInit:  - bUseHttpProxy = false  - Libcurl will NOT use HTTP proxy
LogInit:  - bDontReuseConnections = false  - Libcurl will reuse connections
LogInit:  - CertBundlePath = nullptr  - Libcurl will use whatever was configured at build time.
LogInit: Presizing for max 8388607 objects, including 0 objects not considered by GC, pre-allocating 0 bytes for permanent pool.
LogInit: Object subsystem initialized
[2016.08.04-18.57.25:246][  0]LogInit: Selected Device Profile: [Windows]
[2016.08.04-18.57.25:246][  0]LogInit: Applying CVar settings loaded from the selected device profile: [Windows]
[2016.08.04-18.57.25:257][  0]LogInit: Computer: MACPC
[2016.08.04-18.57.25:258][  0]LogInit: User: Mark
[2016.08.04-18.57.25:258][  0]LogInit: CPU Page size=65536, Cores=4
[2016.08.04-18.57.25:258][  0]LogInit: High frequency timer resolution =3.903986 MHz
[2016.08.04-18.57.25:258][  0]LogMemory: Memory total: Physical=15.9GB (16GB approx)
[2016.08.04-18.57.25:258][  0]LogMemory: Platform Memory Stats for Windows
[2016.08.04-18.57.25:258][  0]LogMemory: Process Physical Memory: 190.46 MB used, 190.46 MB peak
[2016.08.04-18.57.25:258][  0]LogMemory: Process Virtual Memory: 195.07 MB used, 195.07 MB peak
[2016.08.04-18.57.25:258][  0]LogMemory: Physical Memory: 8295.56 MB used, 16326.70 MB total
[2016.08.04-18.57.25:258][  0]LogMemory: Virtual Memory: 552.89 MB used, 134217728.00 MB total
[2016.08.04-18.57.25:286][  0]LogTextLocalizationManager: No specific translations for ('en-GB') exist, so ('en') translations will be used.
[2016.08.04-18.57.25:595][  0]LogD3D11RHI: D3D11 adapters:
[2016.08.04-18.57.25:620][  0]LogD3D11RHI:    0. 'NVIDIA GeForce GTX 770' (Feature Level 11_0)
[2016.08.04-18.57.25:620][  0]LogD3D11RHI:       1989/0/8163 MB DedicatedVideo/DedicatedSystem/SharedSystem, Outputs:1, VendorId:0x10de
[2016.08.04-18.57.25:620][  0]LogD3D11RHI:    1. 'Microsoft Basic Render Driver' (Feature Level 11_0)
[2016.08.04-18.57.25:620][  0]LogD3D11RHI:       0/0/8163 MB DedicatedVideo/DedicatedSystem/SharedSystem, Outputs:0, VendorId:0x1414
[2016.08.04-18.57.25:620][  0]LogD3D11RHI: Chosen D3D11 Adapter: 0
[2016.08.04-18.57.25:624][  0]LogD3D11RHI: Creating new Direct3DDevice
[2016.08.04-18.57.25:624][  0]LogD3D11RHI:     GPU DeviceId: 0x1184 (for the marketing name, search the web for "GPU Device Id")
[2016.08.04-18.57.25:624][  0]LogWindows: EnumDisplayDevices:
[2016.08.04-18.57.25:624][  0]LogWindows:    0. 'NVIDIA GeForce GTX 770' (P:1 D:1)
[2016.08.04-18.57.25:624][  0]LogWindows:    1. 'NVIDIA GeForce GTX 770' (P:0 D:0)
[2016.08.04-18.57.25:624][  0]LogWindows:    2. 'NVIDIA GeForce GTX 770' (P:0 D:0)
[2016.08.04-18.57.25:624][  0]LogWindows:    3. 'NVIDIA GeForce GTX 770' (P:0 D:0)
[2016.08.04-18.57.25:624][  0]LogWindows: DebugString: FoundDriverCount:4 
[2016.08.04-18.57.25:624][  0]LogD3D11RHI:     Adapter Name: NVIDIA GeForce GTX 770
[2016.08.04-18.57.25:624][  0]LogD3D11RHI:   Driver Version: 361.91 (internal:10.18.13.6191, unified:361.91)
[2016.08.04-18.57.25:624][  0]LogD3D11RHI:      Driver Date: 2-8-2016
[2016.08.04-18.57.25:624][  0]LogRHI: Texture pool is 1361 MB (70% of 1945 MB)
[2016.08.04-18.57.25:634][  0]LogD3D11RHI: Async texture creation enabled
[2016.08.04-18.57.26:042][  0]LogD3D11RHI: GPU Timing Frequency: 1000.000000 (Debug: 2 2)
[2016.08.04-18.57.26:042][  0]LogShaderCompilers: Guid format shader working directory is 11 characters bigger than the processId version (../../../../../GitHub/UnrealPlugin/Intermediate/Shaders/WorkingDirectory/1192/).
[2016.08.04-18.57.26:042][  0]LogShaderCompilers: Cleaned the shader compiler working directory 'C:/Users/Mark/AppData/Local/Temp/UnrealShaderWorkingDir/637011A9470101584D73DBAF60112029/'.
[2016.08.04-18.57.26:042][  0]LogShaderCompilers:Display: Using Local Shader Compiler.
[2016.08.04-18.57.26:648][  0]LogTemp:Display: Loaded TP WindowsTargetPlatform
[2016.08.04-18.57.26:655][  0]LogTemp:Display: Loaded TP WindowsNoEditorTargetPlatform
[2016.08.04-18.57.26:662][  0]LogTemp:Display: Loaded TP WindowsServerTargetPlatform
[2016.08.04-18.57.26:671][  0]LogTemp:Display: Loaded TP WindowsClientTargetPlatform
[2016.08.04-18.57.26:679][  0]LogTemp:Display: Loaded TP AllDesktopTargetPlatform
[2016.08.04-18.57.26:683][  0]LogTemp:Display: Loaded TP AndroidTargetPlatform
[2016.08.04-18.57.26:688][  0]LogTemp:Display: Loaded TP Android_PVRTCTargetPlatform
[2016.08.04-18.57.26:692][  0]LogTemp:Display: Loaded TP Android_ATCTargetPlatform
[2016.08.04-18.57.26:696][  0]LogTemp:Display: Loaded TP Android_DXTTargetPlatform
[2016.08.04-18.57.26:701][  0]LogTemp:Display: Loaded TP Android_ETC1TargetPlatform
[2016.08.04-18.57.26:705][  0]LogTemp:Display: Loaded TP Android_ETC2TargetPlatform
[2016.08.04-18.57.26:709][  0]LogTemp:Display: Loaded TP Android_ASTCTargetPlatform
[2016.08.04-18.57.26:714][  0]LogTemp:Display: Loaded TP Android_MultiTargetPlatform
[2016.08.04-18.57.26:714][  0]LogTemp:Display: Loaded TP HTML5TargetPlatform
[2016.08.04-18.57.26:732][  0]LogTemp:Display: Loaded TP IOSTargetPlatform
[2016.08.04-18.57.26:737][  0]LogTemp:Display: Loaded TP TVOSTargetPlatform
[2016.08.04-18.57.26:737][  0]LogTargetPlatformManager:Display: Building Assets For Windows
[2016.08.04-18.57.26:790][  0]LogDerivedDataCache:Display: Max Cache Size: 512 MB
[2016.08.04-18.57.26:837][  0]LogDerivedDataCache: Loaded boot cache 0.05s 48MB ../../../../../GitHub/UnrealPlugin/DerivedDataCache/Boot.ddc.
[2016.08.04-18.57.26:837][  0]LogDerivedDataCache:Display: Loaded Boot cache: ../../../../../GitHub/UnrealPlugin/DerivedDataCache/Boot.ddc
[2016.08.04-18.57.26:837][  0]LogDerivedDataCache: FDerivedDataBackendGraph:  Pak pak cache file ../../../../../GitHub/UnrealPlugin/DerivedDataCache/DDC.ddp not found, will not use a pak cache.
[2016.08.04-18.57.26:837][  0]LogDerivedDataCache: Unable to find inner node Pak for hierarchical cache Hierarchy.
[2016.08.04-18.57.26:837][  0]LogDerivedDataCache: FDerivedDataBackendGraph:  EnginePak pak cache file ../../../Engine/DerivedDataCache/DDC.ddp not found, will not use a pak cache.
[2016.08.04-18.57.26:837][  0]LogDerivedDataCache: Unable to find inner node EnginePak for hierarchical cache Hierarchy.
[2016.08.04-18.57.26:850][  0]LogDerivedDataCache: Using Local data cache path ../../../Engine/DerivedDataCache: Writable
[2016.08.04-18.57.26:850][  0]LogDerivedDataCache: Shared data cache path not found in *engine.ini, will not use an Shared cache.
[2016.08.04-18.57.26:850][  0]LogDerivedDataCache: Unable to find inner node Shared for hierarchical cache Hierarchy.
[2016.08.04-18.57.26:990][  0]LogInit: Selected Device Profile: [Windows]
[2016.08.04-18.57.26:991][  0]LogContentStreaming: Texture pool size is 0.00 MB
[2016.08.04-18.57.27:111][  0]LogMeshUtilities: No automatic mesh reduction module available
[2016.08.04-18.57.27:111][  0]LogMeshUtilities: No automatic mesh merging module available
[2016.08.04-18.57.27:111][  0]LogMeshUtilities: No distributed automatic mesh merging module available
[2016.08.04-18.57.27:318][  0]LogAssetRegistry: FAssetRegistry took 0.0215 seconds to start up
[2016.08.04-18.57.27:342][  0]LogPackageLocalizationCache: Processed 3 localized package path(s) for 2 prioritized culture(s) in 0.021855 seconds
[2016.08.04-18.57.27:347][  0]LogUObjectArray: 28732 objects as part of root set at end of initial load.
[2016.08.04-18.57.27:347][  0]LogUObjectAllocator: 5854104 out of 0 bytes used by permanent object pool.
[2016.08.04-18.57.27:347][  0]LogUObjectArray: CloseDisregardForGC: 0/0 objects in disregard for GC pool
[2016.08.04-18.57.27:351][  0]LogInit: WinSock: version 1.1 (2.2), MaxSocks=32767, MaxUdp=65467
[2016.08.04-18.57.27:469][  0]LogSlate: SlateFontCache - WITH_FREETYPE: 1, WITH_HARFBUZZ: 1
[2016.08.04-18.57.27:469][  0]LogSlate: SlateFontCache - WITH_FREETYPE: 1, WITH_HARFBUZZ: 1
[2016.08.04-18.57.27:989][  0]LogUdpMessaging: Initializing bridge on interface 0.0.0.0:0 to multicast group 230.0.0.1:6666.
[2016.08.04-18.57.28:230][  0]SourceControl: Info Source control is disabled
[2016.08.04-18.57.28:230][  0]SourceControl: Info Source control is disabled
[2016.08.04-18.57.28:239][  0]SourceControl: Info Source control is disabled
[2016.08.04-18.57.28:247][  0]SourceControl: Info Source control is disabled
[2016.08.04-18.57.28:450][  0]LogEngine: Initializing Engine...
[2016.08.04-18.57.28:450][  0]LogHMD: SteamVR failed to initialize.  Err: 110
[2016.08.04-18.57.28:451][  0]LogHMD: SteamVR failed to initialize.  Err: 110
[2016.08.04-18.57.28:564][  0]LogAIModule: Creating AISystem for world NewWorld
[2016.08.04-18.57.28:569][  0]LogInit: XAudio2 using 'Speakers (High Definition Audio Device)' : 2 channels at 44.1 kHz using 16 bits per sample (channel mask 0x3)
[2016.08.04-18.57.28:580][  0]LogInit: FAudioDevice initialized.
[2016.08.04-18.57.28:610][  0]LogDerivedDataCache: Saved boot cache 0.03s 48MB ../../../../../GitHub/UnrealPlugin/DerivedDataCache/Boot.ddc.
[2016.08.04-18.57.28:622][  0]LogInit: Texture streaming: Enabled
[2016.08.04-18.57.28:638][  0]LogInit: Transaction tracking system initialized
[2016.08.04-18.57.28:652][  0]BlueprintLog: New page: Editor Load
[2016.08.04-18.57.28:701][  0]LocalizationService: Info Localization service is disabled
[2016.08.04-18.57.28:749][  0]LogConsoleResponse:Display: 
[2016.08.04-18.57.28:822][  0]LogCook:Display: Max memory allowance for cook 8192mb
[2016.08.04-18.57.28:822][  0]LogCook:Display: Mobile HDR setting 1
[2016.08.04-18.57.28:893][  0]LogFileCache: Scanning file cache for directory 'C:/Users/Mark/Documents/GitHub/UnrealPlugin/Content/' took 0.01s
[2016.08.04-18.57.28:893][  0]SourceControl: Info Source control is disabled
[2016.08.04-18.57.28:893][  0]Cmd: MAP LOAD FILE="../../../../../GitHub/UnrealPlugin/Content/FirstPersonBP/Maps/FirstPersonExampleMap.umap" TEMPLATE=0 SHOWPROGRESS=1 FEATURELEVEL=3
[2016.08.04-18.57.28:894][  0]LightingResults: New page: Lighting Build
[2016.08.04-18.57.28:896][  0]MapCheck: New page: Map Check
[2016.08.04-18.57.28:896][  0]LightingResults: New page: Lighting Build
[2016.08.04-18.57.29:257][  0]LogAIModule: Creating AISystem for world FirstPersonExampleMap
[2016.08.04-18.57.29:264][  0]LogEditorServer: Finished looking for orphan Actors (0.000 secs)
[2016.08.04-18.57.29:264][  0]Cmd: MAP CHECKDEP NOCLEARLOG
[2016.08.04-18.57.29:299][  0]MapCheck: Info Map check complete: 0 Error(s), 0 Warning(s), took 34.522ms to complete.
[2016.08.04-18.57.29:299][  0]LogFileHelpers: Loading map 'FirstPersonExampleMap' took 0.406
[2016.08.04-18.57.29:384][  0]ModoMaterialImporter: Starting Extension logic
[2016.08.04-18.57.29:448][  0]LogCollectionManager: Loaded 0 collections in 0.001355 seconds
[2016.08.04-18.57.29:484][  0]LogFileCache: Scanning file cache for directory 'C:/Users/Mark/Documents/GitHub/UnrealPlugin/Saved/Collections/' took 0.01s
[2016.08.04-18.57.29:484][  0]LogFileCache: Scanning file cache for directory 'C:/Users/Mark/Documents/GitHub/UnrealPlugin/Content/Developers/Mark/Collections/' took 0.01s
[2016.08.04-18.57.29:484][  0]LogFileCache: Scanning file cache for directory 'C:/Users/Mark/Documents/GitHub/UnrealPlugin/Content/Collections/' took 0.01s
[2016.08.04-18.57.29:484][  0]LogCollectionManager: Rebuilt the GUID cache for 0 collections in 0.000002 seconds
[2016.08.04-18.57.29:492][  0]LogContentBrowser: Native class hierarchy populated in 0.0071 seconds. Added 2046 classes and 367 folders.
[2016.08.04-18.57.29:495][  0]LogStats: UGameplayTagsManager::ConstructGameplayTagTree: Construct from data asset -  0.000 s
[2016.08.04-18.57.29:495][  0]LogStats: UGameplayTagsManager::ConstructGameplayTagTree: GameplayTagTreeChangedEvent.Broadcast -  0.000 s
[2016.08.04-18.57.29:496][  0]LogContentBrowser: Native class hierarchy updated for 'GameplayTags' in 0.0008 seconds. Added 12 classes and 0 folders.
[2016.08.04-18.57.29:500][  0]LogContentBrowser: Native class hierarchy updated for 'WidgetCarousel' in 0.0010 seconds. Added 0 classes and 0 folders.
[2016.08.04-18.57.29:528][  0]LogContentBrowser: Native class hierarchy updated for 'AddContentDialog' in 0.0008 seconds. Added 0 classes and 0 folders.
[2016.08.04-18.57.29:531][  0]LogContentBrowser: Native class hierarchy updated for 'SceneOutliner' in 0.0010 seconds. Added 1 classes and 2 folders.
[2016.08.04-18.57.29:541][  0]LogCrashTracker: Crashtracker disabled due to settings.
[2016.08.04-18.57.29:547][  0]LogUObjectGlobals:Warning: Failed to find object 'Class None.'
[2016.08.04-18.57.29:572][  0]LogContentBrowser: Native class hierarchy updated for 'HierarchicalLODOutliner' in 0.0008 seconds. Added 1 classes and 2 folders.
[2016.08.04-18.57.29:572][  0]LogLoad: Full Startup: 5.09 seconds (BP compile: 0.08 seconds)
[2016.08.04-18.57.29:572][  0]LogExternalProfiler: No external profilers were discovered.  External profiling features will not be available.
[2016.08.04-18.57.29:581][  0]LogWindowsTextInputMethodSystem:Display: IME system now deactivated.
[2016.08.04-18.57.29:582][  0]LogWindowsTextInputMethodSystem:Display: IME system now deactivated.
[2016.08.04-18.57.29:584][  0]LogOcInput: OculusInput pre-init called
[2016.08.04-18.57.29:604][  0]LogContentStreaming: Texture pool size now 1000 MB
[2016.08.04-18.57.29:738][  0]LogRenderer: Reallocating scene render targets to support 1616x916 (Frame:2).
[2016.08.04-18.57.29:811][  1]LogAssetRegistry: Asset discovery search completed in 2.5144 seconds
[2016.08.04-18.57.29:811][  1]LogCollectionManager: Rebuilt the object cache for 0 collections in 0.000001 seconds (found 0 objects)
[2016.08.04-18.57.29:811][  1]LogCollectionManager: Fixed up redirectors for 0 collections in 0.000016 seconds (updated 0 objects)
[2016.08.04-18.57.45:775][609]LogFactory: FactoryCreateFile: StaticMesh with FbxFactory (0 0 Z:/MODO Projects/Unreal Tests/FBXExport/SM_MODOCylinder.fbx)
[2016.08.04-18.57.45:818][609]LogFbx: ItemName: GlobalSettings, ItemCount : 1
[2016.08.04-18.57.45:818][609]LogFbx: ItemName: Geometry, ItemCount : 1
[2016.08.04-18.57.45:818][609]LogFbx: ItemName: Model, ItemCount : 1
[2016.08.04-18.57.45:818][609]LogFbx: ItemName: Material, ItemCount : 2
[2016.08.04-18.57.45:822][609]LogFbx: Loading FBX Scene from Z:/MODO Projects/Unreal Tests/FBXExport/SM_MODOCylinder.fbx
[2016.08.04-18.57.45:828][609]LogFbx: FBX Scene Loaded Succesfully
[2016.08.04-18.57.47:615][609]LogFbx: Loading FBX Scene from Z:/MODO Projects/Unreal Tests/FBXExport/SM_MODOCylinder.fbx
[2016.08.04-18.57.47:619][609]LogFbx: FBX Scene Loaded Succesfully
[2016.08.04-18.57.47:621][609]LogLinker:Warning: Can't find file '/Game/M_CylinderCaps'
[2016.08.04-18.57.47:621][609]LogLinker:Warning: Can't find file '/Game/M_CylinderCaps'
[2016.08.04-18.57.47:625][609]LogMaterial: Missing cached shader map for material M_CylinderCaps, compiling. 
[2016.08.04-18.57.47:645][609]LogLinker:Warning: Can't find file '/Game/M_CylinderSides'
[2016.08.04-18.57.47:645][609]LogLinker:Warning: Can't find file '/Game/M_CylinderSides'
[2016.08.04-18.57.47:648][609]LogMaterial: Missing cached shader map for material M_CylinderSides, compiling. 
[2016.08.04-18.57.47:661][609]LogStaticMesh: Building static mesh SM_MODOCylinder...
[2016.08.04-18.57.47:668][609]LogStaticMesh: Built static mesh [0.01s] /Game/SM_MODOCylinder.SM_MODOCylinder
[2016.08.04-18.57.47:669][609]LogStaticMesh:Warning: SM_MODOCylinder has degenerate tangent bases which will result in incorrect shading.  MikkTSpace relies on tangent bases and may result in mesh corruption, consider disabling this option.
[2016.08.04-18.57.47:675][609]FBXImport:Warning: Warning SM_MODOCylinder has degenerate tangent bases which will result in incorrect shading.  MikkTSpace relies on tangent bases and may result in mesh corruption, consider disabling this option. 
[2016.08.04-18.58.04:172][ 53]ModoMaterialImporter: Load Z:/MODO Projects/Unreal Tests/FBXExport/SM_MODOCylinder.xml
[2016.08.04-18.58.04:175][ 53]ModoMaterialImporter: Resource Path Z:/MODO Projects/Unreal Tests/FBXExport/
[2016.08.04-18.58.04:175][ 53]ModoMaterialImporter: Load image properties: Textures/Modo/Modo_UV_checker.jpg [sRGB]
[2016.08.04-18.58.04:175][ 53]ModoMaterialImporter: Load image properties: Textures/Modo/grid1024.png [sRGB]
[2016.08.04-18.58.04:175][ 53]ModoMaterialImporter: WARNING: The importer is out of date (The XML file is exported from a higher version of MODO).
[2016.08.04-18.58.04:175][ 53]ModoMaterialImporter: Load property Emissive Color
[2016.08.04-18.58.04:175][ 53]ModoMaterialImporter: Load property Normal
[2016.08.04-18.58.04:175][ 53]ModoMaterialImporter: Load property Bump
[2016.08.04-18.58.04:175][ 53]ModoMaterialImporter: property Bump is not supported, append to unknow nodes
[2016.08.04-18.58.04:175][ 53]ModoMaterialImporter: Load property Specular
[2016.08.04-18.58.04:175][ 53]ModoMaterialImporter: Load property Ambient Occlusion
[2016.08.04-18.58.04:175][ 53]ModoMaterialImporter: Load property Clearcoat Roughness
[2016.08.04-18.58.04:175][ 53]ModoMaterialImporter: Load property Base Color
[2016.08.04-18.58.04:175][ 53]ModoMaterialImporter: Load property Clearcoat Amount
[2016.08.04-18.58.04:175][ 53]ModoMaterialImporter: Load property Opacity
[2016.08.04-18.58.04:175][ 53]ModoMaterialImporter: Load property Subsurface Color
[2016.08.04-18.58.04:175][ 53]ModoMaterialImporter: Load property Roughness
[2016.08.04-18.58.04:175][ 53]ModoMaterialImporter: Load property Metallic
[2016.08.04-18.58.04:175][ 53]ModoMaterialImporter: Creating package: /Game/Unreal Material_M_CylinderSides_skin01_Mat
[2016.08.04-18.58.04:175][ 53]ModoMaterialImporter: PackageName is invalid because: Name may not contain the following characters:  
[2016.08.04-18.58.04:175][ 53]ModoMaterialImporter: Auto Resolve to: /Game/Unreal_Material_M_CylinderSides_skin01_Mat
[2016.08.04-18.58.04:177][ 53]ModoMaterialImporter: Textures/Modo/Modo_UV_checker.jpg might be a filename
[2016.08.04-18.58.04:177][ 53]ModoMaterialImporter: Creating TextureManager
[2016.08.04-18.58.04:177][ 53]ModoMaterialImporter: Creating texture: /Game/Texture_Modo_UV_checker
[2016.08.04-18.58.04:448][ 53]LogTexture:Display: Building textures: Texture_Modo_UV_checker (AutoDXT)
[2016.08.04-18.58.06:269][ 53]ModoMaterialImporter: Convert substring 1.0 to float
[2016.08.04-18.58.06:269][ 53]ModoMaterialImporter: Convert substring 1.0 to float
[2016.08.04-18.58.06:272][ 53]LogMaterial: Missing cached shader map for material Unreal Material_M_CylinderSides_skin01_Mat, compiling. 
[2016.08.04-18.58.06:282][ 53]ModoMaterialImporter: Convert substring 0.0 to float
[2016.08.04-18.58.06:282][ 53]ModoMaterialImporter: Convert substring 1.0 to float
[2016.08.04-18.58.06:282][ 53]ModoMaterialImporter: Convert substring 0.0 to float
[2016.08.04-18.58.06:282][ 53]ModoMaterialImporter: Convert substring  0.0 to float
[2016.08.04-18.58.06:282][ 53]ModoMaterialImporter: Convert substring  0.0 to float
[2016.08.04-18.58.06:282][ 53]ModoMaterialImporter: Convert substring 0.0 to float
[2016.08.04-18.58.06:282][ 53]ModoMaterialImporter: Convert substring 0.5 to float
[2016.08.04-18.58.06:282][ 53]ModoMaterialImporter: Convert substring 0.5 to float
[2016.08.04-18.58.06:282][ 53]ModoMaterialImporter: Convert substring 0.0 to float
[2016.08.04-18.58.06:282][ 53]ModoMaterialImporter: Convert substring 0.0 to float
[2016.08.04-18.58.06:282][ 53]ModoMaterialImporter: Convert substring 0.0 to float
[2016.08.04-18.58.06:282][ 53]ModoMaterialImporter: Convert substring 0.0 to float
[2016.08.04-18.58.06:282][ 53]ModoMaterialImporter: Remove unknown property Bump, as it doesn't reference any images
[2016.08.04-18.58.06:292][ 53]LogMaterial: Missing cached shader map for material Unreal Material_M_CylinderSides_skin01_Mat, compiling. 
[2016.08.04-18.58.06:367][ 53]LogMaterial: Missing cached shader map for material Unreal Material_M_CylinderSides_skin01_Mat, compiling. 
[2016.08.04-18.58.06:376][ 53]LogMaterial: 0.00 seconds spent updating 1 materials, 1 interfaces, 0 instances, 0 with static permutations.
[2016.08.04-18.58.06:402][ 53]LogMaterial: Missing cached shader map for material FMatExpressionPreview MaterialExpressionTextureSample_0, compiling. 
[2016.08.04-18.58.06:406][ 53]ModoMaterialImporter: Load property Emissive Color
[2016.08.04-18.58.06:406][ 53]ModoMaterialImporter: Load property Normal
[2016.08.04-18.58.06:406][ 53]ModoMaterialImporter: Load property Bump
[2016.08.04-18.58.06:406][ 53]ModoMaterialImporter: property Bump is not supported, append to unknow nodes
[2016.08.04-18.58.06:406][ 53]ModoMaterialImporter: Load property Specular
[2016.08.04-18.58.06:406][ 53]ModoMaterialImporter: Load property Ambient Occlusion
[2016.08.04-18.58.06:406][ 53]ModoMaterialImporter: Load property Clearcoat Roughness
[2016.08.04-18.58.06:406][ 53]ModoMaterialImporter: Load property Base Color
[2016.08.04-18.58.06:406][ 53]ModoMaterialImporter: Load property Clearcoat Amount
[2016.08.04-18.58.06:406][ 53]ModoMaterialImporter: Load property Opacity
[2016.08.04-18.58.06:406][ 53]ModoMaterialImporter: Load property Subsurface Color
[2016.08.04-18.58.06:406][ 53]ModoMaterialImporter: Load property Roughness
[2016.08.04-18.58.06:406][ 53]ModoMaterialImporter: Load property Metallic
[2016.08.04-18.58.06:407][ 53]ModoMaterialImporter: Creating package: /Game/Unreal Material (2)_M_CylinderCaps_skin00_Mat
[2016.08.04-18.58.06:407][ 53]ModoMaterialImporter: PackageName is invalid because: Name may not contain the following characters:  
[2016.08.04-18.58.06:407][ 53]ModoMaterialImporter: Auto Resolve to: /Game/Unreal_Material_(2)_M_CylinderCaps_skin00_Mat
[2016.08.04-18.58.06:410][ 53]ModoMaterialImporter: Textures/Modo/grid1024.png might be a filename
[2016.08.04-18.58.06:410][ 53]ModoMaterialImporter: Creating texture: /Game/Texture_grid1024
[2016.08.04-18.58.06:453][ 53]LogTexture:Display: Building textures: Texture_grid1024 (AutoDXT)
[2016.08.04-18.58.06:614][ 53]ModoMaterialImporter: Convert substring 1.0 to float
[2016.08.04-18.58.06:614][ 53]ModoMaterialImporter: Convert substring 1.0 to float
[2016.08.04-18.58.06:617][ 53]LogMaterial: Missing cached shader map for material Unreal Material (2)_M_CylinderCaps_skin00_Mat, compiling. 
[2016.08.04-18.58.06:633][ 53]ModoMaterialImporter: Convert substring 0.0 to float
[2016.08.04-18.58.06:633][ 53]ModoMaterialImporter: Convert substring 1.0 to float
[2016.08.04-18.58.06:633][ 53]ModoMaterialImporter: Convert substring 0.0 to float
[2016.08.04-18.58.06:633][ 53]ModoMaterialImporter: Convert substring  0.0 to float
[2016.08.04-18.58.06:633][ 53]ModoMaterialImporter: Convert substring  0.0 to float
[2016.08.04-18.58.06:633][ 53]ModoMaterialImporter: Convert substring 0.0 to float
[2016.08.04-18.58.06:633][ 53]ModoMaterialImporter: Convert substring 0.5 to float
[2016.08.04-18.58.06:633][ 53]ModoMaterialImporter: Convert substring 0.5 to float
[2016.08.04-18.58.06:633][ 53]ModoMaterialImporter: Convert substring 0.0 to float
[2016.08.04-18.58.06:633][ 53]ModoMaterialImporter: Convert substring 0.0 to float
[2016.08.04-18.58.06:633][ 53]ModoMaterialImporter: Convert substring 0.0 to float
[2016.08.04-18.58.06:633][ 53]ModoMaterialImporter: Convert substring 0.0 to float
[2016.08.04-18.58.06:633][ 53]ModoMaterialImporter: Remove unknown property Bump, as it doesn't reference any images
[2016.08.04-18.58.06:644][ 53]LogMaterial: Missing cached shader map for material Unreal Material (2)_M_CylinderCaps_skin00_Mat, compiling. 
[2016.08.04-18.58.06:702][ 53]LogMaterial: Missing cached shader map for material Unreal Material (2)_M_CylinderCaps_skin00_Mat, compiling. 
[2016.08.04-18.58.06:713][ 53]LogMaterial: 0.00 seconds spent updating 1 materials, 1 interfaces, 0 instances, 0 with static permutations.
[2016.08.04-18.58.06:744][ 53]LogMaterial: Missing cached shader map for material FMatExpressionPreview MaterialExpressionTextureSample_0, compiling. 
[2016.08.04-18.58.06:755][ 53]ModoMaterialImporter: Scan materials in: BigWall2_22 StaticMeshActor
[2016.08.04-18.58.06:755][ 53]ModoMaterialImporter: Scan materials in: BigWall_21 StaticMeshActor
[2016.08.04-18.58.06:755][ 53]ModoMaterialImporter: Scan materials in: EditorCube10_4 StaticMeshActor
[2016.08.04-18.58.06:755][ 53]ModoMaterialImporter: Scan materials in: EditorCube11_5 StaticMeshActor
[2016.08.04-18.58.06:755][ 53]ModoMaterialImporter: Scan materials in: EditorCube12_6 StaticMeshActor
[2016.08.04-18.58.06:755][ 53]ModoMaterialImporter: Scan materials in: EditorCube13_7 StaticMeshActor
[2016.08.04-18.58.06:755][ 53]ModoMaterialImporter: Scan materials in: EditorCube14_8 StaticMeshActor
[2016.08.04-18.58.06:755][ 53]ModoMaterialImporter: Scan materials in: EditorCube15_9 StaticMeshActor
[2016.08.04-18.58.06:755][ 53]ModoMaterialImporter: Scan materials in: EditorCube16_10 StaticMeshActor
[2016.08.04-18.58.06:755][ 53]ModoMaterialImporter: Scan materials in: EditorCube17_11 StaticMeshActor
[2016.08.04-18.58.06:755][ 53]ModoMaterialImporter: Scan materials in: EditorCube18_12 StaticMeshActor
[2016.08.04-18.58.06:755][ 53]ModoMaterialImporter: Scan materials in: EditorCube19_13 StaticMeshActor
[2016.08.04-18.58.06:755][ 53]ModoMaterialImporter: Scan materials in: EditorCube20_14 StaticMeshActor
[2016.08.04-18.58.06:755][ 53]ModoMaterialImporter: Scan materials in: EditorCube21_15 StaticMeshActor
[2016.08.04-18.58.06:755][ 53]ModoMaterialImporter: Scan materials in: EditorCube8_2 StaticMeshActor
[2016.08.04-18.58.06:755][ 53]ModoMaterialImporter: Scan materials in: EditorCube9_3 StaticMeshActor
[2016.08.04-18.58.06:756][ 53]ModoMaterialImporter: Scan materials in: Floor_16 StaticMeshActor
[2016.08.04-18.58.06:756][ 53]ModoMaterialImporter: Scan materials in: Wall1_17 StaticMeshActor
[2016.08.04-18.58.06:756][ 53]ModoMaterialImporter: Scan materials in: Wall2_18 StaticMeshActor
[2016.08.04-18.58.06:756][ 53]ModoMaterialImporter: Scan materials in: Wall3_19 StaticMeshActor
[2016.08.04-18.58.06:756][ 53]ModoMaterialImporter: Scan materials in: Wall4_20 StaticMeshActor
[2016.08.04-18.58.06:756][ 53]ModoMaterialImporter: Scan materials in: StaticMeshActor_0 StaticMeshActor
[2016.08.04-18.58.06:756][ 53]ModoMaterialImporter: Scan materials in: StaticMeshActor_1 StaticMeshActor
[2016.08.04-18.58.08:304][125]MaterialEditorStats: Info Base pass shader with only dynamic lighting: 23 instructions
[2016.08.04-18.58.08:304][125]MaterialEditorStats: Info Vertex shader: 30 instructions
[2016.08.04-18.58.08:304][125]MaterialEditorStats: Info Texture samplers: 1/16
[2016.08.04-18.58.09:113][173]MaterialEditorStats: Info Base pass shader with only dynamic lighting: 23 instructions
[2016.08.04-18.58.09:113][173]MaterialEditorStats: Info Vertex shader: 31 instructions
[2016.08.04-18.58.09:113][173]MaterialEditorStats: Info Texture samplers: 1/16
[2016.08.04-19.00.18:227][324]Cmd: QUIT_EDITOR
[2016.08.04-19.00.18:253][324]LogWindowsTextInputMethodSystem:Display: IME system now deactivated.
[2016.08.04-19.00.18:253][324]LogWindowsTextInputMethodSystem:Display: IME system now deactivated.
[2016.08.04-19.00.18:273][324]LogExit: Preparing to exit.
[2016.08.04-19.00.19:078][324]LogExit: Editor shut down
[2016.08.04-19.00.19:078][324]LogExit: Transaction tracking system shut down
[2016.08.04-19.00.19:164][324]LogObj: Freed 0b from 0 cluster array pools.
[2016.08.04-19.00.19:164][324]LogExit: Object subsystem successfully closed.
[2016.08.04-19.00.19:181][324]LogD3D11RHI: Shutdown
[2016.08.04-19.00.19:181][324]LogD3D11RHI: CleanupD3DDevice
[2016.08.04-19.00.19:229][324]LogD3D11RHI: ~FD3D11DynamicRHI
[2016.08.04-19.00.19:238][324]LogModuleManager: Shutting down and abandoning module MaterialEditor (211)
[2016.08.04-19.00.19:238][324]LogModuleManager: Shutting down and abandoning module HierarchicalLODOutliner (210)
[2016.08.04-19.00.19:238][324]LogModuleManager: Shutting down and abandoning module CrashTracker (209)
[2016.08.04-19.00.19:238][324]LogModuleManager: Shutting down and abandoning module SceneOutliner (208)
[2016.08.04-19.00.19:238][324]LogModuleManager: Shutting down and abandoning module WidgetCarousel (207)
[2016.08.04-19.00.19:238][324]LogModuleManager: Shutting down and abandoning module AddContentDialog (206)
[2016.08.04-19.00.19:240][324]LogModuleManager: Shutting down and abandoning module GameplayTags (205)
[2016.08.04-19.00.19:240][324]LogModuleManager: Shutting down and abandoning module EditorWidgets (204)
[2016.08.04-19.00.19:240][324]LogModuleManager: Shutting down and abandoning module CollectionManager (203)
[2016.08.04-19.00.19:241][324]LogModuleManager: Shutting down and abandoning module StatsViewer (202)
[2016.08.04-19.00.19:241][324]LogModuleManager: Shutting down and abandoning module FoliageEdit (201)
[2016.08.04-19.00.19:241][324]LogModuleManager: Shutting down and abandoning module LandscapeEditor (200)
[2016.08.04-19.00.19:241][324]LogModuleManager: Shutting down and abandoning module SceneDepthPickerMode (199)
[2016.08.04-19.00.19:241][324]LogModuleManager: Shutting down and abandoning module ActorPickerMode (198)
[2016.08.04-19.00.19:241][324]LogModuleManager: Shutting down and abandoning module GeometryMode (197)
[2016.08.04-19.00.19:241][324]LogModuleManager: Shutting down and abandoning module TextureAlignMode (196)
[2016.08.04-19.00.19:241][324]LogModuleManager: Shutting down and abandoning module BspMode (195)
[2016.08.04-19.00.19:241][324]LogModuleManager: Shutting down and abandoning module HardwareSurvey (194)
[2016.08.04-19.00.19:241][324]LogModuleManager: Shutting down and abandoning module SequenceRecorderSections (193)
[2016.08.04-19.00.19:241][324]LogModuleManager: Shutting down and abandoning module SequenceRecorder (192)
[2016.08.04-19.00.19:241][324]LogModuleManager: Shutting down and abandoning module AutomationWorker (191)
[2016.08.04-19.00.19:241][324]LogModuleManager: Shutting down and abandoning module MatineeToLevelSequence (190)
[2016.08.04-19.00.19:241][324]LogModuleManager: Shutting down and abandoning module PlacementMode (189)
[2016.08.04-19.00.19:241][324]LogModuleManager: Shutting down and abandoning module LevelSequenceEditor (188)
[2016.08.04-19.00.19:242][324]LogModuleManager: Shutting down and abandoning module CharacterAI (187)
[2016.08.04-19.00.19:242][324]LogModuleManager: Shutting down and abandoning module SmartSnapping (186)
[2016.08.04-19.00.19:242][324]LogModuleManager: Shutting down and abandoning module SessionServices (185)
[2016.08.04-19.00.19:242][324]LogModuleManager: Shutting down and abandoning module ViewportSnapping (184)
[2016.08.04-19.00.19:242][324]LogModuleManager: Shutting down and abandoning module LogVisualizer (183)
[2016.08.04-19.00.19:242][324]LogModuleManager: Shutting down and abandoning module GameProjectGeneration (182)
[2016.08.04-19.00.19:242][324]LogModuleManager: Shutting down and abandoning module IntroTutorials (181)
[2016.08.04-19.00.19:242][324]LogModuleManager: Shutting down and abandoning module EditorLiveStreaming (180)
[2016.08.04-19.00.19:242][324]LogModuleManager: Shutting down and abandoning module IOSPlatformEditor (179)
[2016.08.04-19.00.19:242][324]LogModuleManager: Shutting down and abandoning module HTML5PlatformEditor (178)
[2016.08.04-19.00.19:242][324]LogModuleManager: Shutting down and abandoning module AndroidDeviceDetection (177)
[2016.08.04-19.00.19:778][324]LogModuleManager: Shutting down and abandoning module AndroidPlatformEditor (176)
[2016.08.04-19.00.19:778][324]LogModuleManager: Shutting down and abandoning module IOSRuntimeSettings (175)
[2016.08.04-19.00.19:778][324]LogModuleManager: Shutting down and abandoning module AndroidRuntimeSettings (174)
[2016.08.04-19.00.19:778][324]LogModuleManager: Shutting down and abandoning module MergeActors (173)
[2016.08.04-19.00.19:778][324]LogModuleManager: Shutting down and abandoning module SizeMap (172)
[2016.08.04-19.00.19:778][324]LogModuleManager: Shutting down and abandoning module TreeMap (171)
[2016.08.04-19.00.19:778][324]LogModuleManager: Shutting down and abandoning module ReferenceViewer (170)
[2016.08.04-19.00.19:778][324]LogModuleManager: Shutting down and abandoning module LocalizationService (169)
[2016.08.04-19.00.19:778][324]LogModuleManager: Shutting down and abandoning module LocalizationDashboard (168)
[2016.08.04-19.00.19:778][324]LogModuleManager: Shutting down and abandoning module HardwareTargeting (167)
[2016.08.04-19.00.19:778][324]LogModuleManager: Shutting down and abandoning module DeviceProfileEditor (166)
[2016.08.04-19.00.19:778][324]LogModuleManager: Shutting down and abandoning module UndoHistory (165)
[2016.08.04-19.00.19:778][324]LogModuleManager: Shutting down and abandoning module UserFeedback (164)
[2016.08.04-19.00.19:778][324]LogModuleManager: Shutting down and abandoning module XmlParser (163)
[2016.08.04-19.00.19:778][324]LogModuleManager: Shutting down and abandoning module Blutility (162)
[2016.08.04-19.00.19:778][324]LogModuleManager: Shutting down and abandoning module ProjectTargetPlatformEditor (161)
[2016.08.04-19.00.19:779][324]LogModuleManager: Shutting down and abandoning module ProjectSettingsViewer (160)
[2016.08.04-19.00.19:779][324]LogModuleManager: Shutting down and abandoning module InputBindingEditor (159)
[2016.08.04-19.00.19:779][324]LogModuleManager: Shutting down and abandoning module EditorSettingsViewer (158)
[2016.08.04-19.00.19:779][324]LogModuleManager: Shutting down and abandoning module SettingsEditor (157)
[2016.08.04-19.00.19:779][324]LogModuleManager: Shutting down and abandoning module ProjectLauncher (156)
[2016.08.04-19.00.19:779][324]LogModuleManager: Shutting down and abandoning module SessionFrontend (155)
[2016.08.04-19.00.19:779][324]LogModuleManager: Shutting down and abandoning module ProfilerClient (154)
[2016.08.04-19.00.19:779][324]LogModuleManager: Shutting down and abandoning module TargetDeviceServices (153)
[2016.08.04-19.00.19:779][324]LogModuleManager: Shutting down and abandoning module DeviceManager (152)
[2016.08.04-19.00.19:823][324]LogModuleManager: Shutting down and abandoning module AutomationController (151)
[2016.08.04-19.00.19:823][324]LogModuleManager: Shutting down and abandoning module AutomationWindow (150)
[2016.08.04-19.00.19:823][324]LogModuleManager: Shutting down and abandoning module Layers (149)
[2016.08.04-19.00.19:823][324]LogModuleManager: Shutting down and abandoning module ComponentVisualizers (148)
[2016.08.04-19.00.19:823][324]LogModuleManager: Shutting down and abandoning module DetailCustomizations (147)
[2016.08.04-19.00.19:823][324]LogModuleManager: Shutting down and abandoning module PackagesDialog (146)
[2016.08.04-19.00.19:824][324]LogModuleManager: Shutting down and abandoning module Persona (145)
[2016.08.04-19.00.19:824][324]LogModuleManager: Shutting down and abandoning module Kismet (144)
[2016.08.04-19.00.19:824][324]LogModuleManager: Shutting down and abandoning module GraphEditor (143)
[2016.08.04-19.00.19:825][324]LogModuleManager: Shutting down and abandoning module ClassViewer (142)
[2016.08.04-19.00.19:825][324]LogModuleManager: Shutting down and abandoning module Toolbox (141)
[2016.08.04-19.00.19:825][324]LogModuleManager: Shutting down and abandoning module ModuleUI (140)
[2016.08.04-19.00.19:825][324]LogModuleManager: Shutting down and abandoning module MovieSceneTools (139)
[2016.08.04-19.00.19:825][324]LogModuleManager: Shutting down and abandoning module OutputLog (138)
[2016.08.04-19.00.19:825][324]LogModuleManager: Shutting down and abandoning module GammaUI (137)
[2016.08.04-19.00.19:825][324]LogModuleManager: Shutting down and abandoning module Documentation (136)
[2016.08.04-19.00.19:825][324]LogModuleManager: Shutting down and abandoning module StreamingPauseRendering (135)
[2016.08.04-19.00.19:825][324]LogModuleManager: Shutting down and abandoning module AnalyticsET (134)
[2016.08.04-19.00.19:825][324]LogModuleManager: Shutting down and abandoning module Analytics (133)
[2016.08.04-19.00.19:825][324]LogModuleManager: Shutting down and abandoning module PortalServices (132)
[2016.08.04-19.00.19:825][324]LogModuleManager: Shutting down and abandoning module PortalRpc (131)
[2016.08.04-19.00.19:825][324]LogModuleManager: Shutting down and abandoning module MessagingRpc (130)
[2016.08.04-19.00.19:825][324]LogModuleManager: Shutting down and abandoning module GameplayDebugger (129)
[2016.08.04-19.00.19:825][324]LogModuleManager: Shutting down and abandoning module AITestSuite (128)
[2016.08.04-19.00.19:825][324]LogModuleManager: Shutting down and abandoning module AIModule (127)
[2016.08.04-19.00.19:825][324]LogModuleManager: Shutting down and abandoning module ProfilerService (126)
[2016.08.04-19.00.19:850][324]LogModuleManager: Shutting down and abandoning module TaskGraph (125)
[2016.08.04-19.00.19:850][324]LogModuleManager: Shutting down and abandoning module ModoMaterialImporter (124)
[2016.08.04-19.00.19:850][324]LogModuleManager: Shutting down and abandoning module SlateRemote (123)
[2016.08.04-19.00.19:850][324]LogModuleManager: Shutting down and abandoning module SteamVRController (122)
[2016.08.04-19.00.19:850][324]LogModuleManager: Shutting down and abandoning module SteamVR (121)
[2016.08.04-19.00.19:850][324]LogModuleManager: Shutting down and abandoning module ProceduralMeshComponent (120)
[2016.08.04-19.00.19:850][324]LogModuleManager: Shutting down and abandoning module OculusLibrary (119)
[2016.08.04-19.00.19:850][324]LogModuleManager: Shutting down and abandoning module OculusInput (118)
[2016.08.04-19.00.19:850][324]LogModuleManager: Shutting down and abandoning module CustomMeshComponent (117)
[2016.08.04-19.00.19:850][324]LogModuleManager: Shutting down and abandoning module CableComponent (116)
[2016.08.04-19.00.19:850][324]LogModuleManager: Shutting down and abandoning module ArchVisCharacter (115)
[2016.08.04-19.00.19:850][324]LogModuleManager: Shutting down and abandoning module MediaPlayerEditor (114)
[2016.08.04-19.00.19:850][324]LogModuleManager: Shutting down and abandoning module HTML5Networking (113)
[2016.08.04-19.00.19:850][324]LogModuleManager: Shutting down and abandoning module SuperSearch (112)
[2016.08.04-19.00.19:850][324]LogModuleManager: Shutting down and abandoning module SuperSearchEditor (111)
[2016.08.04-19.00.19:850][324]LogModuleManager: Shutting down and abandoning module SpeedTreeImporter (110)
[2016.08.04-19.00.19:850][324]LogModuleManager: Shutting down and abandoning module PluginBrowser (109)
[2016.08.04-19.00.19:850][324]LogModuleManager: Shutting down and abandoning module EpicSurvey (108)
[2016.08.04-19.00.19:851][324]LogModuleManager: Shutting down and abandoning module DesktopPlatform (107)
[2016.08.04-19.00.19:851][324]LogModuleManager: Shutting down and abandoning module VisualStudioSourceCodeAccess (106)
[2016.08.04-19.00.19:851][324]LogModuleManager: Shutting down and abandoning module UObjectPlugin (105)
[2016.08.04-19.00.19:851][324]LogModuleManager: Shutting down and abandoning module SubversionSourceControl (104)
[2016.08.04-19.00.19:851][324]LogModuleManager: Shutting down and abandoning module PerforceSourceControl (103)
[2016.08.04-19.00.19:851][324]LogModuleManager: Shutting down and abandoning module SourceControl (102)
[2016.08.04-19.00.19:851][324]LogModuleManager: Shutting down and abandoning module GitSourceControl (101)
[2016.08.04-19.00.19:851][324]LogModuleManager: Shutting down and abandoning module LightPropagationVolumeEditor (100)
[2016.08.04-19.00.19:851][324]LogModuleManager: Shutting down and abandoning module PaperTiledImporter (99)
[2016.08.04-19.00.19:851][324]LogModuleManager: Shutting down and abandoning module PaperSpriteSheetImporter (98)
[2016.08.04-19.00.19:851][324]LogModuleManager: Shutting down and abandoning module MeshPaint (97)
[2016.08.04-19.00.19:851][324]LogModuleManager: Shutting down and abandoning module PixelInspectorModule (96)
[2016.08.04-19.00.19:851][324]LogModuleManager: Shutting down and abandoning module HotReload (95)
[2016.08.04-19.00.19:852][324]LogModuleManager: Shutting down and abandoning module MainFrame (94)
[2016.08.04-19.00.19:853][324]LogModuleManager: Shutting down and abandoning module LevelEditor (93)
[2016.08.04-19.00.19:854][324]LogModuleManager: Shutting down and abandoning module ContentBrowser (92)
[2016.08.04-19.00.19:856][324]LogModuleManager: Shutting down and abandoning module Paper2DEditor (91)
[2016.08.04-19.00.19:856][324]LogModuleManager: Shutting down and abandoning module MODOUnrealPlugin (90)
[2016.08.04-19.00.19:856][324]LogModuleManager: Shutting down and abandoning module UdpMessaging (89)
[2016.08.04-19.00.19:957][324]LogModuleManager: Shutting down and abandoning module LightPropagationVolumeRuntime (88)
[2016.08.04-19.00.19:957][324]LogModuleManager: Shutting down and abandoning module Paper2D (87)
[2016.08.04-19.00.19:957][324]LogModuleManager: Shutting down and abandoning module WindowsMoviePlayer (86)
[2016.08.04-19.00.19:957][324]LogModuleManager: Shutting down and abandoning module Media (85)
[2016.08.04-19.00.19:957][324]LogModuleManager: Shutting down and abandoning module WmfMedia (84)
[2016.08.04-19.00.19:957][324]LogModuleManager: Shutting down and abandoning module MediaAssets (83)
[2016.08.04-19.00.19:957][324]LogModuleManager: Shutting down and abandoning module GameLiveStreaming (82)
[2016.08.04-19.00.19:957][324]LogModuleManager: Shutting down and abandoning module GameplayTagsEditor (81)
[2016.08.04-19.00.19:957][324]LogModuleManager: Shutting down and abandoning module OnlineBlueprintSupport (80)
[2016.08.04-19.00.19:957][324]LogModuleManager: Shutting down and abandoning module VREditor (79)
[2016.08.04-19.00.19:957][324]LogModuleManager: Shutting down and abandoning module GameplayTasksEditor (78)
[2016.08.04-19.00.19:957][324]LogModuleManager: Shutting down and abandoning module PropertyEditor (77)
[2016.08.04-19.00.19:957][324]LogModuleManager: Shutting down and abandoning module BehaviorTreeEditor (76)
[2016.08.04-19.00.19:957][324]LogModuleManager: Shutting down and abandoning module FunctionalTesting (75)
[2016.08.04-19.00.19:957][324]LogModuleManager: Shutting down and abandoning module CollisionAnalyzer (74)
[2016.08.04-19.00.19:957][324]LogModuleManager: Shutting down and abandoning module Sequencer (73)
[2016.08.04-19.00.19:957][324]LogModuleManager: Shutting down and abandoning module WorkspaceMenuStructure (72)
[2016.08.04-19.00.19:957][324]LogModuleManager: Shutting down and abandoning module MessageLog (71)
[2016.08.04-19.00.19:957][324]LogModuleManager: Shutting down and abandoning module AssetTools (70)
[2016.08.04-19.00.19:958][324]LogModuleManager: Shutting down and abandoning module UMGEditor (69)
[2016.08.04-19.00.19:958][324]LogModuleManager: Shutting down and abandoning module UMG (68)
[2016.08.04-19.00.19:958][324]LogModuleManager: Shutting down and abandoning module SlateReflector (67)
[2016.08.04-19.00.19:958][324]LogModuleManager: Shutting down and abandoning module Slate (66)
[2016.08.04-19.00.19:958][324]LogModuleManager: Shutting down and abandoning module EditorStyle (65)
[2016.08.04-19.00.19:963][324]LogModuleManager: Shutting down and abandoning module SourceCodeAccess (64)
[2016.08.04-19.00.19:963][324]LogModuleManager: Shutting down and abandoning module HeadMountedDisplay (63)
[2016.08.04-19.00.19:963][324]LogModuleManager: Shutting down and abandoning module XAudio2 (62)
[2016.08.04-19.00.19:963][324]LogModuleManager: Shutting down and abandoning module Networking (60)
[2016.08.04-19.00.19:963][324]LogModuleManager: Shutting down and abandoning module Core (59)
[2016.08.04-19.00.19:963][324]LogModuleManager: Shutting down and abandoning module DirectoryWatcher (58)
[2016.08.04-19.00.19:964][324]LogModuleManager: Shutting down and abandoning module AssetRegistry (57)
[2016.08.04-19.00.20:061][324]LogModuleManager: Shutting down and abandoning module KismetCompiler (56)
[2016.08.04-19.00.20:061][324]LogModuleManager: Shutting down and abandoning module PhysXFormats (55)
[2016.08.04-19.00.20:061][324]LogModuleManager: Shutting down and abandoning module MeshUtilities (54)
[2016.08.04-19.00.20:061][324]LogModuleManager: Shutting down and abandoning module DerivedDataCache (53)
[2016.08.04-19.00.20:124][324]LogDerivedDataCache: Shutdown
[2016.08.04-19.00.20:124][324]LogModuleManager: Shutting down and abandoning module MetalShaderFormat (52)
[2016.08.04-19.00.20:124][324]LogModuleManager: Shutting down and abandoning module VulkanShaderFormat (51)
[2016.08.04-19.00.20:124][324]LogModuleManager: Shutting down and abandoning module ShaderFormatD3D (50)
[2016.08.04-19.00.20:124][324]LogModuleManager: Shutting down and abandoning module ShaderFormatOpenGL (49)
[2016.08.04-19.00.20:124][324]LogModuleManager: Shutting down and abandoning module TextureFormatUncompressed (48)
[2016.08.04-19.00.20:124][324]LogModuleManager: Shutting down and abandoning module ImageWrapper (47)
[2016.08.04-19.00.20:124][324]LogModuleManager: Shutting down and abandoning module TextureFormatASTC (46)
[2016.08.04-19.00.20:124][324]LogModuleManager: Shutting down and abandoning module TextureFormatPVR (45)
[2016.08.04-19.00.20:124][324]LogModuleManager: Shutting down and abandoning module TextureFormatDXT (44)
[2016.08.04-19.00.20:124][324]LogModuleManager: Shutting down and abandoning module TextureFormatIntelISPCTexComp (43)
[2016.08.04-19.00.20:124][324]LogModuleManager: Shutting down and abandoning module AudioFormatOpus (42)
[2016.08.04-19.00.20:124][324]LogModuleManager: Shutting down and abandoning module AudioFormatOgg (41)
[2016.08.04-19.00.20:124][324]LogModuleManager: Shutting down and abandoning module AudioFormatADPCM (40)
[2016.08.04-19.00.20:124][324]LogModuleManager: Shutting down and abandoning module TVOSTargetPlatform (39)
[2016.08.04-19.00.20:124][324]LogModuleManager: Shutting down and abandoning module Messaging (38)
[2016.08.04-19.00.20:124][324]LogModuleManager: Shutting down and abandoning module IOSTargetPlatform (37)
[2016.08.04-19.00.20:124][324]LogModuleManager: Shutting down and abandoning module HTML5TargetPlatform (36)
[2016.08.04-19.00.20:124][324]LogModuleManager: Shutting down and abandoning module Android_MultiTargetPlatform (35)
[2016.08.04-19.00.20:124][324]LogModuleManager: Shutting down and abandoning module Android_ASTCTargetPlatform (34)
[2016.08.04-19.00.20:124][324]LogModuleManager: Shutting down and abandoning module Android_ETC2TargetPlatform (33)
[2016.08.04-19.00.20:124][324]LogModuleManager: Shutting down and abandoning module Android_ETC1TargetPlatform (32)
[2016.08.04-19.00.20:124][324]LogModuleManager: Shutting down and abandoning module Android_DXTTargetPlatform (31)
[2016.08.04-19.00.20:124][324]LogModuleManager: Shutting down and abandoning module Android_ATCTargetPlatform (30)
[2016.08.04-19.00.20:124][324]LogModuleManager: Shutting down and abandoning module Android_PVRTCTargetPlatform (29)
[2016.08.04-19.00.20:124][324]LogModuleManager: Shutting down and abandoning module AndroidTargetPlatform (28)
[2016.08.04-19.00.20:124][324]LogModuleManager: Shutting down and abandoning module AllDesktopTargetPlatform (27)
[2016.08.04-19.00.20:124][324]LogModuleManager: Shutting down and abandoning module WindowsClientTargetPlatform (26)
[2016.08.04-19.00.20:124][324]LogModuleManager: Shutting down and abandoning module WindowsServerTargetPlatform (25)
[2016.08.04-19.00.20:124][324]LogModuleManager: Shutting down and abandoning module WindowsNoEditorTargetPlatform (24)
[2016.08.04-19.00.20:124][324]LogModuleManager: Shutting down and abandoning module WindowsTargetPlatform (23)
[2016.08.04-19.00.20:124][324]LogModuleManager: Shutting down and abandoning module TargetPlatform (22)
[2016.08.04-19.00.20:124][324]LogModuleManager: Shutting down and abandoning module InputCore (21)
[2016.08.04-19.00.20:124][324]LogModuleManager: Shutting down and abandoning module Settings (20)
[2016.08.04-19.00.20:124][324]LogModuleManager: Shutting down and abandoning module OnlineSubsystem (18)
[2016.08.04-19.00.20:124][324]LogModuleManager: Shutting down and abandoning module HTTP (17)
[2016.08.04-19.00.23:131][324]LogModuleManager: Shutting down and abandoning module OculusRift (16)
[2016.08.04-19.00.23:131][324]LogModuleManager: Shutting down and abandoning module ExampleDeviceProfileSelector (15)
[2016.08.04-19.00.23:131][324]LogModuleManager: Shutting down and abandoning module TextureCompressor (14)
[2016.08.04-19.00.23:131][324]LogModuleManager: Shutting down and abandoning module ShaderCore (13)
[2016.08.04-19.00.23:131][324]LogModuleManager: Shutting down and abandoning module Landscape (12)
[2016.08.04-19.00.23:131][324]LogModuleManager: Shutting down and abandoning module SlateRHIRenderer (11)
[2016.08.04-19.00.23:132][324]LogModuleManager: Shutting down and abandoning module OpenGLDrv (10)
[2016.08.04-19.00.23:132][324]LogModuleManager: Shutting down and abandoning module D3D11RHI (9)
[2016.08.04-19.00.23:132][324]LogModuleManager: Shutting down and abandoning module AnimGraphRuntime (8)
[2016.08.04-19.00.23:132][324]LogModuleManager: Shutting down and abandoning module Renderer (7)
[2016.08.04-19.00.23:132][324]LogModuleManager: Shutting down and abandoning module Engine (6)
[2016.08.04-19.00.23:132][324]LogModuleManager: Shutting down and abandoning module CoreUObject (5)
[2016.08.04-19.00.23:132][324]LogModuleManager: Shutting down and abandoning module NetworkFile (4)
[2016.08.04-19.00.23:132][324]LogModuleManager: Shutting down and abandoning module StreamingFile (3)
[2016.08.04-19.00.23:132][324]LogModuleManager: Shutting down and abandoning module SandboxFile (2)
[2016.08.04-19.00.23:132][324]LogModuleManager: Shutting down and abandoning module PakFile (1)
[2016.08.04-19.00.23:133][324]LogExit: Exiting.
[2016.08.04-19.00.23:143][324]Log file closed, 08/04/16 20:00:23
